Using pre-set license
Built from '6000.0/staging' branch; Version is '6000.0.23f1 (1c4764c07fb4) revision 1853284'; Using compiler version '193933523'; Build Type 'Release'
OS: 'Windows 11  (10.0.26100) 64bit Core' Language: 'ja' Physical Memory: 16068 MB
BatchMode: 1, IsHumanControllingUs: 0, StartBugReporterOnCrash: 0, Is64bit: 1, IsPro: 1

COMMAND LINE ARGUMENTS:
C:\Program Files\Unity\Hub\Editor\6000.0.23f1\Editor\Unity.exe
-adb2
-batchMode
-noUpm
-name
AssetImportWorker4
-projectPath
C:/Users/vantan/Desktop/Unity/Mystery Dungeon
-logFile
Logs/AssetImportWorker4.log
-srvPort
60068
-job-worker-count
9
-background-job-worker-count
8
-asset-garbage-collectors
1
Successfully changed project path to: C:/Users/vantan/Desktop/Unity/Mystery Dungeon
C:/Users/vantan/Desktop/Unity/Mystery Dungeon
[UnityMemory] Configuration Parameters - Can be set up in boot.config
    "memorysetup-bucket-allocator-granularity=16"
    "memorysetup-bucket-allocator-bucket-count=8"
    "memorysetup-bucket-allocator-block-size=33554432"
    "memorysetup-bucket-allocator-block-count=8"
    "memorysetup-main-allocator-block-size=16777216"
    "memorysetup-thread-allocator-block-size=16777216"
    "memorysetup-gfx-main-allocator-block-size=16777216"
    "memorysetup-gfx-thread-allocator-block-size=16777216"
    "memorysetup-cache-allocator-block-size=4194304"
    "memorysetup-typetree-allocator-block-size=2097152"
    "memorysetup-profiler-bucket-allocator-granularity=16"
    "memorysetup-profiler-bucket-allocator-bucket-count=8"
    "memorysetup-profiler-bucket-allocator-block-size=33554432"
    "memorysetup-profiler-bucket-allocator-block-count=8"
    "memorysetup-profiler-allocator-block-size=16777216"
    "memorysetup-profiler-editor-allocator-block-size=1048576"
    "memorysetup-temp-allocator-size-main=16777216"
    "memorysetup-job-temp-allocator-block-size=2097152"
    "memorysetup-job-temp-allocator-block-size-background=1048576"
    "memorysetup-job-temp-allocator-reduction-small-platforms=262144"
    "memorysetup-allocator-temp-initial-block-size-main=262144"
    "memorysetup-allocator-temp-initial-block-size-worker=262144"
    "memorysetup-temp-allocator-size-background-worker=32768"
    "memorysetup-temp-allocator-size-job-worker=262144"
    "memorysetup-temp-allocator-size-preload-manager=33554432"
    "memorysetup-temp-allocator-size-nav-mesh-worker=65536"
    "memorysetup-temp-allocator-size-audio-worker=65536"
    "memorysetup-temp-allocator-size-cloud-worker=32768"
    "memorysetup-temp-allocator-size-gi-baking-worker=262144"
    "memorysetup-temp-allocator-size-gi-baking-worker=262144"
    "memorysetup-temp-allocator-size-gi-baking-worker=262144"
    "memorysetup-temp-allocator-size-gi-baking-worker=262144"
    "memorysetup-temp-allocator-size-gi-baking-worker=262144"
    "memorysetup-temp-allocator-size-gfx=262144"
Player connection [28512]  Target information:

Player connection [28512]  * "[IP] 192.168.11.23 [Port] 0 [Flags] 2 [Guid] 1698524351 [EditorId] 1698524351 [Version] 1048832 [Id] WindowsEditor(7,DESKTOP-1NCQE91) [Debug] 1 [PackageName] WindowsEditor [ProjectName] Editor" 

Player connection [28512] Host joined multi-casting on [225.0.0.222:54997]...
Player connection [28512] Host joined alternative multi-casting on [225.0.0.222:34997]...
JobSystem: Creating JobQueue using job-worker-count value 9
[Physics::Module] Initialized fallback backend.
[Physics::Module] Id: 0xdecafbad
Library Redirect Path: Library/
[Physics::Module] Selected backend.
[Physics::Module] Name: PhysX
[Physics::Module] Id: 0xf2b8ea05
[Physics::Module] SDK Version: 4.1.2
[Physics::Module] Integration Version: 1.0.0
[Physics::Module] Threading Mode: Multi-Threaded
Refreshing native plugins compatible for Editor in 269.02 ms, found 3 plugins.
Preloading 0 native plugins for Editor in 0.00 ms.
Initialize engine version: 6000.0.23f1 (1c4764c07fb4)
[Subsystems] Discovering subsystems at path C:/Program Files/Unity/Hub/Editor/6000.0.23f1/Editor/Data/Resources/UnitySubsystems
[Subsystems] Discovering subsystems at path C:/Users/vantan/Desktop/Unity/Mystery Dungeon/Assets
GfxDevice: creating device client; kGfxThreadingModeNonThreaded
Direct3D:
    Version:  Direct3D 11.0 [level 11.1]
    Renderer: NVIDIA GeForce RTX 3060 Laptop GPU (ID=0x2560)
    Vendor:   NVIDIA
    VRAM:     5996 MB
    Driver:   32.0.15.6635
Initialize mono
Mono path[0] = 'C:/Program Files/Unity/Hub/Editor/6000.0.23f1/Editor/Data/Managed'
Mono path[1] = 'C:/Program Files/Unity/Hub/Editor/6000.0.23f1/Editor/Data/MonoBleedingEdge/lib/mono/unityjit-win32'
Mono config path = 'C:/Program Files/Unity/Hub/Editor/6000.0.23f1/Editor/Data/MonoBleedingEdge/etc'
Using monoOptions --debugger-agent=transport=dt_socket,embedding=1,server=y,suspend=n,address=127.0.0.1:56576
Begin MonoManager ReloadAssembly
Registering precompiled unity dll's ...
Register platform support module: C:/Program Files/Unity/Hub/Editor/6000.0.23f1/Editor/Data/PlaybackEngines/WindowsStandaloneSupport/UnityEditor.WindowsStandalone.Extensions.dll
Registered in 0.002555 seconds.
- Loaded All Assemblies, in  0.522 seconds
Native extension for WindowsStandalone target not found
Mono: successfully reloaded assembly
- Finished resetting the current domain, in  0.451 seconds
Domain Reload Profiling: 970ms
	BeginReloadAssembly (178ms)
		ExecutionOrderSort (0ms)
		DisableScriptedObjects (0ms)
		BackupInstance (0ms)
		ReleaseScriptingObjects (0ms)
		CreateAndSetChildDomain (1ms)
	RebuildCommonClasses (49ms)
	RebuildNativeTypeToScriptingClass (14ms)
	initialDomainReloadingComplete (54ms)
	LoadAllAssembliesAndSetupDomain (224ms)
		LoadAssemblies (176ms)
		RebuildTransferFunctionScriptingTraits (0ms)
		AnalyzeDomain (220ms)
			TypeCache.Refresh (219ms)
				TypeCache.ScanAssembly (205ms)
			BuildScriptInfoCaches (0ms)
			ResolveRequiredComponents (1ms)
	FinalizeReload (452ms)
		ReleaseScriptCaches (0ms)
		RebuildScriptCaches (0ms)
		SetupLoadedEditorAssemblies (392ms)
			LogAssemblyErrors (0ms)
			InitializePlatformSupportModulesInManaged (28ms)
			SetLoadedEditorAssemblies (6ms)
			BeforeProcessingInitializeOnLoad (8ms)
			ProcessInitializeOnLoadAttributes (239ms)
			ProcessInitializeOnLoadMethodAttributes (99ms)
			AfterProcessingInitializeOnLoad (13ms)
			EditorAssembliesLoaded (0ms)
		ExecutionOrderSort2 (0ms)
		AwakeInstancesAfterBackupRestoration (0ms)
========================================================================
Worker process is ready to serve import requests
Import Worker Mode flag is 0x00
Begin MonoManager ReloadAssembly
- Loaded All Assemblies, in  4.940 seconds
Refreshing native plugins compatible for Editor in 0.72 ms, found 3 plugins.
Native extension for WindowsStandalone target not found
Mono: successfully reloaded assembly
- Finished resetting the current domain, in  2.086 seconds
Domain Reload Profiling: 6993ms
	BeginReloadAssembly (3518ms)
		ExecutionOrderSort (0ms)
		DisableScriptedObjects (7ms)
		BackupInstance (0ms)
		ReleaseScriptingObjects (0ms)
		CreateAndSetChildDomain (37ms)
	RebuildCommonClasses (41ms)
	RebuildNativeTypeToScriptingClass (11ms)
	initialDomainReloadingComplete (85ms)
	LoadAllAssembliesAndSetupDomain (1252ms)
		LoadAssemblies (1108ms)
		RebuildTransferFunctionScriptingTraits (0ms)
		AnalyzeDomain (296ms)
			TypeCache.Refresh (204ms)
				TypeCache.ScanAssembly (183ms)
			BuildScriptInfoCaches (77ms)
			ResolveRequiredComponents (10ms)
	FinalizeReload (2087ms)
		ReleaseScriptCaches (0ms)
		RebuildScriptCaches (0ms)
		SetupLoadedEditorAssemblies (846ms)
			LogAssemblyErrors (0ms)
			InitializePlatformSupportModulesInManaged (2ms)
			SetLoadedEditorAssemblies (5ms)
			BeforeProcessingInitializeOnLoad (166ms)
			ProcessInitializeOnLoadAttributes (590ms)
			ProcessInitializeOnLoadMethodAttributes (75ms)
			AfterProcessingInitializeOnLoad (8ms)
			EditorAssembliesLoaded (0ms)
		ExecutionOrderSort2 (0ms)
		AwakeInstancesAfterBackupRestoration (7ms)
Launched and connected shader compiler UnityShaderCompiler.exe after 0.03 seconds
Refreshing native plugins compatible for Editor in 1.98 ms, found 3 plugins.
Preloading 0 native plugins for Editor in 0.00 ms.
Unloading 211 Unused Serialized files (Serialized files now loaded: 0)
Unloading 6697 unused Assets / (5.2 MB). Loaded Objects now: 7492.
Memory consumption went from 197.3 MB to 192.1 MB.
Total: 13.118900 ms (FindLiveObjects: 1.004300 ms CreateObjectMapping: 0.864400 ms MarkObjects: 7.938500 ms  DeleteObjects: 3.309700 ms)

========================================================================
Received Import Request.
  Time since last request: 427982.517185 seconds.
  path: Assets/AssetStoreTools/P09_Modular_Humanoid/Model_DATA/Prefab
  artifactKey: Guid(2758a3e68b4e88c4cabfc3aa8f987610) Importer(815301076,1909f56bfc062723c751e8b465ee728b)
Start importing Assets/AssetStoreTools/P09_Modular_Humanoid/Model_DATA/Prefab using Guid(2758a3e68b4e88c4cabfc3aa8f987610) Importer(815301076,1909f56bfc062723c751e8b465ee728b) (PreviewImporter) -> (artifact id: 'eb07a5b866bf0c67beef1d190930c1e9') in 0.0267401 seconds
Number of updated asset objects reloaded before import = 0Number of asset objects unloaded after import = 0

========================================================================
Received Import Request.
  Time since last request: 35.468020 seconds.
  path: Assets/AssetStoreTools/P09_Modular_Humanoid/Model_DATA/Materials/Armor
  artifactKey: Guid(4733a798e5b6ed140bba0f23e76b6be6) Importer(815301076,1909f56bfc062723c751e8b465ee728b)
Start importing Assets/AssetStoreTools/P09_Modular_Humanoid/Model_DATA/Materials/Armor using Guid(4733a798e5b6ed140bba0f23e76b6be6) Importer(815301076,1909f56bfc062723c751e8b465ee728b) (PreviewImporter) -> (artifact id: '03b7a558fc9f85e0eedc7869f43b1c36') in 0.0008676 seconds
Number of updated asset objects reloaded before import = 0Number of asset objects unloaded after import = 0

========================================================================
Received Import Request.
  Time since last request: 0.431775 seconds.
  path: Assets/AssetStoreTools/P09_Modular_Humanoid/Model_DATA/Materials/Common
  artifactKey: Guid(f8f6d2971b2d28040bf590a1e72594de) Importer(815301076,1909f56bfc062723c751e8b465ee728b)
Start importing Assets/AssetStoreTools/P09_Modular_Humanoid/Model_DATA/Materials/Common using Guid(f8f6d2971b2d28040bf590a1e72594de) Importer(815301076,1909f56bfc062723c751e8b465ee728b) (PreviewImporter) -> (artifact id: '81026d37843332bbd5f2739fb85b2eec') in 0.0005734 seconds
Number of updated asset objects reloaded before import = 0Number of asset objects unloaded after import = 0

========================================================================
Received Import Request.
  Time since last request: 9.026931 seconds.
  path: Assets/AssetStoreTools/P09_Modular_Humanoid/Shader_installer/GitHub
  artifactKey: Guid(d8803f30891908b46b7e6b7f92ba1cee) Importer(815301076,1909f56bfc062723c751e8b465ee728b)
Start importing Assets/AssetStoreTools/P09_Modular_Humanoid/Shader_installer/GitHub using Guid(d8803f30891908b46b7e6b7f92ba1cee) Importer(815301076,1909f56bfc062723c751e8b465ee728b) (PreviewImporter) -> (artifact id: '2554330aaec750f163b06fff37ea4e2b') in 0.0007916 seconds
Number of updated asset objects reloaded before import = 0Number of asset objects unloaded after import = 0

========================================================================
Received Import Request.
  Time since last request: 0.886102 seconds.
  path: Assets/AssetStoreTools/P09_Modular_Humanoid/Shader_installer/GitHub/lilToon - GitHub.url
  artifactKey: Guid(c0be87e5b88657e48a96fbf2d8840783) Importer(815301076,1909f56bfc062723c751e8b465ee728b)
Start importing Assets/AssetStoreTools/P09_Modular_Humanoid/Shader_installer/GitHub/lilToon - GitHub.url using Guid(c0be87e5b88657e48a96fbf2d8840783) Importer(815301076,1909f56bfc062723c751e8b465ee728b) (PreviewImporter) -> (artifact id: '131ee27983d6920fb8a63a68771c6c93') in 0.0227261 seconds
Number of updated asset objects reloaded before import = 0Number of asset objects unloaded after import = 1

========================================================================
Received Import Request.
  Time since last request: 20.635804 seconds.
  path: Assets/AssetStoreTools/P09_Modular_Humanoid/Model_DATA/Materials/Male_Body/P09_Male_Skin.mat
  artifactKey: Guid(449956f351df07e4bb8cd4ad9eac8dde) Importer(815301076,1909f56bfc062723c751e8b465ee728b)
Start importing Assets/AssetStoreTools/P09_Modular_Humanoid/Model_DATA/Materials/Male_Body/P09_Male_Skin.mat using Guid(449956f351df07e4bb8cd4ad9eac8dde) Importer(815301076,1909f56bfc062723c751e8b465ee728b) (PreviewImporter) -> (artifact id: '4c2c05c5d52f376a9092403cf59ce0a4') in 0.4125534 seconds
Number of updated asset objects reloaded before import = 0Number of asset objects unloaded after import = 8

========================================================================
Received Import Request.
  Time since last request: 0.607447 seconds.
  path: Assets/AssetStoreTools/P09_Modular_Humanoid/Model_DATA/Materials/Weapon/P09_Weapon_Arrow_00.mat
  artifactKey: Guid(9096369ecd312414fa71c66b4bd1d3bd) Importer(815301076,1909f56bfc062723c751e8b465ee728b)
Start importing Assets/AssetStoreTools/P09_Modular_Humanoid/Model_DATA/Materials/Weapon/P09_Weapon_Arrow_00.mat using Guid(9096369ecd312414fa71c66b4bd1d3bd) Importer(815301076,1909f56bfc062723c751e8b465ee728b) (PreviewImporter) -> (artifact id: '3d2cf2b43e586c57c45285f92f9021a9') in 0.0132408 seconds
Number of updated asset objects reloaded before import = 0Number of asset objects unloaded after import = 3

========================================================================
Received Import Request.
  Time since last request: 0.000025 seconds.
  path: Assets/AssetStoreTools/P09_Modular_Humanoid/Model_DATA/Materials/Weapon/P09_Weapon_Bow_02.mat
  artifactKey: Guid(a92b0c83fd8daeb48b3b64f4bcd93bd8) Importer(815301076,1909f56bfc062723c751e8b465ee728b)
Start importing Assets/AssetStoreTools/P09_Modular_Humanoid/Model_DATA/Materials/Weapon/P09_Weapon_Bow_02.mat using Guid(a92b0c83fd8daeb48b3b64f4bcd93bd8) Importer(815301076,1909f56bfc062723c751e8b465ee728b) (PreviewImporter) -> (artifact id: 'f617962cd98dffa143250928417168c3') in 0.014294 seconds
Number of updated asset objects reloaded before import = 0Number of asset objects unloaded after import = 7

========================================================================
Received Import Request.
  Time since last request: 0.000036 seconds.
  path: Assets/AssetStoreTools/P09_Modular_Humanoid/Model_DATA/Materials/Weapon/p09_Weapon_Sword_01.mat
  artifactKey: Guid(2ece84df0f99148449a1fc33d9428052) Importer(815301076,1909f56bfc062723c751e8b465ee728b)
Start importing Assets/AssetStoreTools/P09_Modular_Humanoid/Model_DATA/Materials/Weapon/p09_Weapon_Sword_01.mat using Guid(2ece84df0f99148449a1fc33d9428052) Importer(815301076,1909f56bfc062723c751e8b465ee728b) (PreviewImporter) -> (artifact id: '125abdedd4b0c6ddfe8a78e75db4e4ad') in 0.0214825 seconds
Number of updated asset objects reloaded before import = 0Number of asset objects unloaded after import = 7

========================================================================
Received Import Request.
  Time since last request: 0.000022 seconds.
  path: Assets/AssetStoreTools/P09_Modular_Humanoid/Model_DATA/Materials/Weapon/P09_Weapon_Shield_03.mat
  artifactKey: Guid(38e1474fce3ba0d449856ea52ea106e4) Importer(815301076,1909f56bfc062723c751e8b465ee728b)
Start importing Assets/AssetStoreTools/P09_Modular_Humanoid/Model_DATA/Materials/Weapon/P09_Weapon_Shield_03.mat using Guid(38e1474fce3ba0d449856ea52ea106e4) Importer(815301076,1909f56bfc062723c751e8b465ee728b) (PreviewImporter) -> (artifact id: 'f9f3720bf8ac3627994a96aaf4d8ae24') in 0.0168966 seconds
Number of updated asset objects reloaded before import = 0Number of asset objects unloaded after import = 7

========================================================================
Received Import Request.
  Time since last request: 0.000025 seconds.
  path: Assets/AssetStoreTools/P09_Modular_Humanoid/Model_DATA/Materials/Weapon/P09_Weapon_Staff_01.mat
  artifactKey: Guid(e72e9efdf21b2644da74e023b9dfa6b8) Importer(815301076,1909f56bfc062723c751e8b465ee728b)
Start importing Assets/AssetStoreTools/P09_Modular_Humanoid/Model_DATA/Materials/Weapon/P09_Weapon_Staff_01.mat using Guid(e72e9efdf21b2644da74e023b9dfa6b8) Importer(815301076,1909f56bfc062723c751e8b465ee728b) (PreviewImporter) -> (artifact id: '347ae36f4d9c0276c1d646f22d8fe1f4') in 0.0120484 seconds
Number of updated asset objects reloaded before import = 0Number of asset objects unloaded after import = 8

========================================================================
Received Import Request.
  Time since last request: 0.000034 seconds.
  path: Assets/AssetStoreTools/P09_Modular_Humanoid/Model_DATA/Materials/Weapon/P09_Weapon_Shield_04.mat
  artifactKey: Guid(ce2ee87be7075db4ca71c6f0032e5e14) Importer(815301076,1909f56bfc062723c751e8b465ee728b)
Start importing Assets/AssetStoreTools/P09_Modular_Humanoid/Model_DATA/Materials/Weapon/P09_Weapon_Shield_04.mat using Guid(ce2ee87be7075db4ca71c6f0032e5e14) Importer(815301076,1909f56bfc062723c751e8b465ee728b) (PreviewImporter) -> (artifact id: '3ff7a1064d977390d53728fcb2c9cf60') in 0.015635 seconds
Number of updated asset objects reloaded before import = 0Number of asset objects unloaded after import = 7

========================================================================
Received Import Request.
  Time since last request: 0.000027 seconds.
  path: Assets/AssetStoreTools/P09_Modular_Humanoid/Model_DATA/Materials/Weapon/P09_Weapon_Staff_03.mat
  artifactKey: Guid(55f32698d191de14a820d492ab8c8fb9) Importer(815301076,1909f56bfc062723c751e8b465ee728b)
Start importing Assets/AssetStoreTools/P09_Modular_Humanoid/Model_DATA/Materials/Weapon/P09_Weapon_Staff_03.mat using Guid(55f32698d191de14a820d492ab8c8fb9) Importer(815301076,1909f56bfc062723c751e8b465ee728b) (PreviewImporter) -> (artifact id: '25b33d6dcdc95bc9226f3f65dc3392c9') in 0.0113391 seconds
Number of updated asset objects reloaded before import = 0Number of asset objects unloaded after import = 8

========================================================================
Received Import Request.
  Time since last request: 0.000027 seconds.
  path: Assets/AssetStoreTools/P09_Modular_Humanoid/Model_DATA/Materials/Weapon/P09_Weapon_Sword_05.mat
  artifactKey: Guid(e47d6fa089e93974fbbd3b9b4280f8ee) Importer(815301076,1909f56bfc062723c751e8b465ee728b)
Start importing Assets/AssetStoreTools/P09_Modular_Humanoid/Model_DATA/Materials/Weapon/P09_Weapon_Sword_05.mat using Guid(e47d6fa089e93974fbbd3b9b4280f8ee) Importer(815301076,1909f56bfc062723c751e8b465ee728b) (PreviewImporter) -> (artifact id: '49dedb016cb5a254b21f681be989dd6d') in 0.0124749 seconds
Number of updated asset objects reloaded before import = 0Number of asset objects unloaded after import = 7

========================================================================
Received Import Request.
  Time since last request: 0.000040 seconds.
  path: Assets/AssetStoreTools/P09_Modular_Humanoid/Model_DATA/Materials/Weapon/P09_Weapon_Sword_03.mat
  artifactKey: Guid(8fe3518271a09e7429a4f19107e80a2b) Importer(815301076,1909f56bfc062723c751e8b465ee728b)
Start importing Assets/AssetStoreTools/P09_Modular_Humanoid/Model_DATA/Materials/Weapon/P09_Weapon_Sword_03.mat using Guid(8fe3518271a09e7429a4f19107e80a2b) Importer(815301076,1909f56bfc062723c751e8b465ee728b) (PreviewImporter) -> (artifact id: '0aff1eb6b35993e1ee2bb19a587ad6ae') in 0.0118203 seconds
Number of updated asset objects reloaded before import = 0Number of asset objects unloaded after import = 7

========================================================================
Received Import Request.
  Time since last request: 0.000027 seconds.
  path: Assets/AssetStoreTools/P09_Modular_Humanoid/Model_DATA/Materials/Weapon/P09_Weapon_Staff_04.mat
  artifactKey: Guid(874bf59af95394f468e5b0104430799d) Importer(815301076,1909f56bfc062723c751e8b465ee728b)
Start importing Assets/AssetStoreTools/P09_Modular_Humanoid/Model_DATA/Materials/Weapon/P09_Weapon_Staff_04.mat using Guid(874bf59af95394f468e5b0104430799d) Importer(815301076,1909f56bfc062723c751e8b465ee728b) (PreviewImporter) -> (artifact id: '1081655071089977fe56efd9193051cc') in 0.0181907 seconds
Number of updated asset objects reloaded before import = 0Number of asset objects unloaded after import = 10

========================================================================
Received Import Request.
  Time since last request: 0.000026 seconds.
  path: Assets/AssetStoreTools/P09_Modular_Humanoid/Model_DATA/Materials/Weapon/P09_Weapon_Arrow_03.mat
  artifactKey: Guid(5e0276c78d53ae94198d5c9e5a7aa476) Importer(815301076,1909f56bfc062723c751e8b465ee728b)
Start importing Assets/AssetStoreTools/P09_Modular_Humanoid/Model_DATA/Materials/Weapon/P09_Weapon_Arrow_03.mat using Guid(5e0276c78d53ae94198d5c9e5a7aa476) Importer(815301076,1909f56bfc062723c751e8b465ee728b) (PreviewImporter) -> (artifact id: '6f27475c9da0f138cdc7afe6efb44e32') in 0.0110362 seconds
Number of updated asset objects reloaded before import = 0Number of asset objects unloaded after import = 5

========================================================================
Received Import Request.
  Time since last request: 0.025170 seconds.
  path: Assets/AssetStoreTools/P09_Modular_Humanoid/Model_DATA/Materials/Female_Body/P09_Female_Skin.mat
  artifactKey: Guid(91f9e83d500b0fd4b9c0c48b65c8a3fd) Importer(815301076,1909f56bfc062723c751e8b465ee728b)
Start importing Assets/AssetStoreTools/P09_Modular_Humanoid/Model_DATA/Materials/Female_Body/P09_Female_Skin.mat using Guid(91f9e83d500b0fd4b9c0c48b65c8a3fd) Importer(815301076,1909f56bfc062723c751e8b465ee728b) (PreviewImporter) -> (artifact id: '58219e07b37a401e84db863738681ec6') in 0.0282675 seconds
Number of updated asset objects reloaded before import = 0Number of asset objects unloaded after import = 7

========================================================================
Received Import Request.
  Time since last request: 0.000024 seconds.
  path: Assets/AssetStoreTools/P09_Modular_Humanoid/Model_DATA/Materials/Female_Body/P09_Female_Skin_Dark.mat
  artifactKey: Guid(44fecc866b581654ba140cfae2b68e14) Importer(815301076,1909f56bfc062723c751e8b465ee728b)
Start importing Assets/AssetStoreTools/P09_Modular_Humanoid/Model_DATA/Materials/Female_Body/P09_Female_Skin_Dark.mat using Guid(44fecc866b581654ba140cfae2b68e14) Importer(815301076,1909f56bfc062723c751e8b465ee728b) (PreviewImporter) -> (artifact id: '8df352a971e0f1412e7fef1f303ef17c') in 0.0307576 seconds
Number of updated asset objects reloaded before import = 0Number of asset objects unloaded after import = 8

========================================================================
Received Import Request.
  Time since last request: 0.291980 seconds.
  path: Assets/AssetStoreTools/P09_Modular_Humanoid/Model_DATA/Materials/Armor/P09_Female_Armor_001.mat
  artifactKey: Guid(f896a780d62c9ba438b54c1d861946a0) Importer(815301076,1909f56bfc062723c751e8b465ee728b)
Start importing Assets/AssetStoreTools/P09_Modular_Humanoid/Model_DATA/Materials/Armor/P09_Female_Armor_001.mat using Guid(f896a780d62c9ba438b54c1d861946a0) Importer(815301076,1909f56bfc062723c751e8b465ee728b) (PreviewImporter) -> (artifact id: '0cf6f629713bd1aef1d57eb6512d4e21') in 0.030971 seconds
Number of updated asset objects reloaded before import = 0Number of asset objects unloaded after import = 6

========================================================================
Received Import Request.
  Time since last request: 0.000028 seconds.
  path: Assets/AssetStoreTools/P09_Modular_Humanoid/Model_DATA/Materials/Armor/P09_Female_Armor_011.mat
  artifactKey: Guid(a5aeb01c69fb6a447a5ab1a04c84456d) Importer(815301076,1909f56bfc062723c751e8b465ee728b)
Start importing Assets/AssetStoreTools/P09_Modular_Humanoid/Model_DATA/Materials/Armor/P09_Female_Armor_011.mat using Guid(a5aeb01c69fb6a447a5ab1a04c84456d) Importer(815301076,1909f56bfc062723c751e8b465ee728b) (PreviewImporter) -> (artifact id: '42472a382e436cc4496ca204fb078818') in 0.0342854 seconds
Number of updated asset objects reloaded before import = 0Number of asset objects unloaded after import = 8

========================================================================
Received Import Request.
  Time since last request: 0.000035 seconds.
  path: Assets/AssetStoreTools/P09_Modular_Humanoid/Model_DATA/Materials/Armor/P09_Female_Armor_010.mat
  artifactKey: Guid(200a89f06f52bbd409b98f4ee594281f) Importer(815301076,1909f56bfc062723c751e8b465ee728b)
Start importing Assets/AssetStoreTools/P09_Modular_Humanoid/Model_DATA/Materials/Armor/P09_Female_Armor_010.mat using Guid(200a89f06f52bbd409b98f4ee594281f) Importer(815301076,1909f56bfc062723c751e8b465ee728b) (PreviewImporter) -> (artifact id: 'ecb893518e767652ef234fc4720212a2') in 0.0313176 seconds
Number of updated asset objects reloaded before import = 0Number of asset objects unloaded after import = 8

========================================================================
Received Import Request.
  Time since last request: 0.000048 seconds.
  path: Assets/AssetStoreTools/P09_Modular_Humanoid/Model_DATA/Materials/Armor/P09_Male_Armor_011.mat
  artifactKey: Guid(2d9143dd02a019f4f9b3cf86277d797d) Importer(815301076,1909f56bfc062723c751e8b465ee728b)
Start importing Assets/AssetStoreTools/P09_Modular_Humanoid/Model_DATA/Materials/Armor/P09_Male_Armor_011.mat using Guid(2d9143dd02a019f4f9b3cf86277d797d) Importer(815301076,1909f56bfc062723c751e8b465ee728b) (PreviewImporter) -> (artifact id: 'a45edfe87284f6e15a8825d98febab94') in 0.0181341 seconds
Number of updated asset objects reloaded before import = 0Number of asset objects unloaded after import = 8

========================================================================
Received Import Request.
  Time since last request: 0.000043 seconds.
  path: Assets/AssetStoreTools/P09_Modular_Humanoid/Model_DATA/Materials/Armor/P09_Male_Armor_009.mat
  artifactKey: Guid(3f32e065532fc5a43bfe815c56e46cac) Importer(815301076,1909f56bfc062723c751e8b465ee728b)
Start importing Assets/AssetStoreTools/P09_Modular_Humanoid/Model_DATA/Materials/Armor/P09_Male_Armor_009.mat using Guid(3f32e065532fc5a43bfe815c56e46cac) Importer(815301076,1909f56bfc062723c751e8b465ee728b) (PreviewImporter) -> (artifact id: '3d8fc60de57a32d0880bfb2deb17be41') in 0.0282655 seconds
Number of updated asset objects reloaded before import = 0Number of asset objects unloaded after import = 8

========================================================================
Received Import Request.
  Time since last request: 0.000029 seconds.
  path: Assets/AssetStoreTools/P09_Modular_Humanoid/Model_DATA/Materials/Armor/P09_Male_Armor_007.mat
  artifactKey: Guid(f56489bca9e416642a5818fda0fae5d0) Importer(815301076,1909f56bfc062723c751e8b465ee728b)
Start importing Assets/AssetStoreTools/P09_Modular_Humanoid/Model_DATA/Materials/Armor/P09_Male_Armor_007.mat using Guid(f56489bca9e416642a5818fda0fae5d0) Importer(815301076,1909f56bfc062723c751e8b465ee728b) (PreviewImporter) -> (artifact id: '9b4a4b751e26d855cf17a149c44a3aac') in 0.026838 seconds
Number of updated asset objects reloaded before import = 0Number of asset objects unloaded after import = 8

========================================================================
Received Import Request.
  Time since last request: 0.000025 seconds.
  path: Assets/AssetStoreTools/P09_Modular_Humanoid/Model_DATA/Materials/Armor/P09_Female_UnderWear.mat
  artifactKey: Guid(78743c9c1cd0f4145807f7df2d8d10d0) Importer(815301076,1909f56bfc062723c751e8b465ee728b)
Start importing Assets/AssetStoreTools/P09_Modular_Humanoid/Model_DATA/Materials/Armor/P09_Female_UnderWear.mat using Guid(78743c9c1cd0f4145807f7df2d8d10d0) Importer(815301076,1909f56bfc062723c751e8b465ee728b) (PreviewImporter) -> (artifact id: 'fa54ebb8aa57ebbda0584859b551e46b') in 0.0131858 seconds
Number of updated asset objects reloaded before import = 0Number of asset objects unloaded after import = 5

========================================================================
Received Import Request.
  Time since last request: 0.000030 seconds.
  path: Assets/AssetStoreTools/P09_Modular_Humanoid/Model_DATA/Materials/Armor/P09_Male_Armor_012.mat
  artifactKey: Guid(04c5fdbf9ea41904a9c3eb61f42218da) Importer(815301076,1909f56bfc062723c751e8b465ee728b)
Start importing Assets/AssetStoreTools/P09_Modular_Humanoid/Model_DATA/Materials/Armor/P09_Male_Armor_012.mat using Guid(04c5fdbf9ea41904a9c3eb61f42218da) Importer(815301076,1909f56bfc062723c751e8b465ee728b) (PreviewImporter) -> (artifact id: 'cc8e3f57db39c37c0a17ded849ee7d30') in 0.0190328 seconds
Number of updated asset objects reloaded before import = 0Number of asset objects unloaded after import = 8

========================================================================
Received Import Request.
  Time since last request: 0.000034 seconds.
  path: Assets/AssetStoreTools/P09_Modular_Humanoid/Model_DATA/Materials/Armor/P09_Male_Armor_002.mat
  artifactKey: Guid(0e40c1e9e0e171c44992250b7126830c) Importer(815301076,1909f56bfc062723c751e8b465ee728b)
Start importing Assets/AssetStoreTools/P09_Modular_Humanoid/Model_DATA/Materials/Armor/P09_Male_Armor_002.mat using Guid(0e40c1e9e0e171c44992250b7126830c) Importer(815301076,1909f56bfc062723c751e8b465ee728b) (PreviewImporter) -> (artifact id: '89f73d1f88ce9286edb3328ba83284f4') in 0.0297718 seconds
Number of updated asset objects reloaded before import = 0Number of asset objects unloaded after import = 8

========================================================================
Received Import Request.
  Time since last request: 0.000031 seconds.
  path: Assets/AssetStoreTools/P09_Modular_Humanoid/Model_DATA/Materials/Armor/P09_Female_Armor_006.mat
  artifactKey: Guid(4b917bf567c341342b98767152138431) Importer(815301076,1909f56bfc062723c751e8b465ee728b)
Start importing Assets/AssetStoreTools/P09_Modular_Humanoid/Model_DATA/Materials/Armor/P09_Female_Armor_006.mat using Guid(4b917bf567c341342b98767152138431) Importer(815301076,1909f56bfc062723c751e8b465ee728b) (PreviewImporter) -> (artifact id: 'ca429599263a732263a91c940fbe3234') in 0.037282 seconds
Number of updated asset objects reloaded before import = 0Number of asset objects unloaded after import = 8

========================================================================
Received Import Request.
  Time since last request: 0.000039 seconds.
  path: Assets/AssetStoreTools/P09_Modular_Humanoid/Model_DATA/Materials/Armor/P09_Female_Armor_009.mat
  artifactKey: Guid(4dc8ebfab62adb146a32e3a9b8841f40) Importer(815301076,1909f56bfc062723c751e8b465ee728b)
Start importing Assets/AssetStoreTools/P09_Modular_Humanoid/Model_DATA/Materials/Armor/P09_Female_Armor_009.mat using Guid(4dc8ebfab62adb146a32e3a9b8841f40) Importer(815301076,1909f56bfc062723c751e8b465ee728b) (PreviewImporter) -> (artifact id: '5254b554ccec9ed9811ef9d704d6031d') in 0.0252193 seconds
Number of updated asset objects reloaded before import = 0Number of asset objects unloaded after import = 8

========================================================================
Received Import Request.
  Time since last request: 0.000036 seconds.
  path: Assets/AssetStoreTools/P09_Modular_Humanoid/Model_DATA/Materials/Armor/P09_Male_UnderWear.mat
  artifactKey: Guid(3ca7d746634d4174cbfeab316753f33f) Importer(815301076,1909f56bfc062723c751e8b465ee728b)
Start importing Assets/AssetStoreTools/P09_Modular_Humanoid/Model_DATA/Materials/Armor/P09_Male_UnderWear.mat using Guid(3ca7d746634d4174cbfeab316753f33f) Importer(815301076,1909f56bfc062723c751e8b465ee728b) (PreviewImporter) -> (artifact id: 'd44fb6b87f7ed7734093efd3b18bb2a9') in 0.0184322 seconds
Number of updated asset objects reloaded before import = 0Number of asset objects unloaded after import = 5

========================================================================
Received Import Request.
  Time since last request: 0.000033 seconds.
  path: Assets/AssetStoreTools/P09_Modular_Humanoid/Model_DATA/Materials/Armor/P09_Male_Armor_010.mat
  artifactKey: Guid(370a4e9c4017ce54a95a883bd81a1878) Importer(815301076,1909f56bfc062723c751e8b465ee728b)
Start importing Assets/AssetStoreTools/P09_Modular_Humanoid/Model_DATA/Materials/Armor/P09_Male_Armor_010.mat using Guid(370a4e9c4017ce54a95a883bd81a1878) Importer(815301076,1909f56bfc062723c751e8b465ee728b) (PreviewImporter) -> (artifact id: '842c5668052d2bf296006861f9fdc4c7') in 0.0202672 seconds
Number of updated asset objects reloaded before import = 0Number of asset objects unloaded after import = 8

========================================================================
Received Import Request.
  Time since last request: 0.000038 seconds.
  path: Assets/AssetStoreTools/P09_Modular_Humanoid/Model_DATA/Materials/Armor/P09_Male_Armor_004.mat
  artifactKey: Guid(2e94bc95d12d6804c8eeda62828ab9d1) Importer(815301076,1909f56bfc062723c751e8b465ee728b)
Start importing Assets/AssetStoreTools/P09_Modular_Humanoid/Model_DATA/Materials/Armor/P09_Male_Armor_004.mat using Guid(2e94bc95d12d6804c8eeda62828ab9d1) Importer(815301076,1909f56bfc062723c751e8b465ee728b) (PreviewImporter) -> (artifact id: 'fea620ed196faedb4b8222ee81bae1ab') in 0.0386786 seconds
Number of updated asset objects reloaded before import = 0Number of asset objects unloaded after import = 8

========================================================================
Received Import Request.
  Time since last request: 50.493844 seconds.
  path: Assets/AssetStoreTools/P09_Modular_Humanoid/Shader_installer
  artifactKey: Guid(ed352bb75f57bfc40a74096f9ad00a72) Importer(815301076,1909f56bfc062723c751e8b465ee728b)
Start importing Assets/AssetStoreTools/P09_Modular_Humanoid/Shader_installer using Guid(ed352bb75f57bfc40a74096f9ad00a72) Importer(815301076,1909f56bfc062723c751e8b465ee728b) (PreviewImporter) -> (artifact id: '17b66403aef34ed7270e2d7d24d419df') in 0.0010612 seconds
Number of updated asset objects reloaded before import = 0Number of asset objects unloaded after import = 0

========================================================================
Received Import Request.
  Time since last request: 1.874816 seconds.
  path: Assets/AssetStoreTools/P09_Modular_Humanoid/Shader_installer/Readme.html
  artifactKey: Guid(8aab52745c63d1448a1b4991c6e73c75) Importer(815301076,1909f56bfc062723c751e8b465ee728b)
Start importing Assets/AssetStoreTools/P09_Modular_Humanoid/Shader_installer/Readme.html using Guid(8aab52745c63d1448a1b4991c6e73c75) Importer(815301076,1909f56bfc062723c751e8b465ee728b) (PreviewImporter) -> (artifact id: '48aec2cda2fa725fc7b5316f8ef29c87') in 0.0014878 seconds
Number of updated asset objects reloaded before import = 0Number of asset objects unloaded after import = 1

========================================================================
Received Import Request.
  Time since last request: 16.394940 seconds.
  path: Assets/AssetStoreTools/P09_Modular_Humanoid/Model_DATA/Materials/Weapon
  artifactKey: Guid(29faf497ee2e80f4da8dcb109d467304) Importer(815301076,1909f56bfc062723c751e8b465ee728b)
Start importing Assets/AssetStoreTools/P09_Modular_Humanoid/Model_DATA/Materials/Weapon using Guid(29faf497ee2e80f4da8dcb109d467304) Importer(815301076,1909f56bfc062723c751e8b465ee728b) (PreviewImporter) -> (artifact id: '3ec8bf277dd6c0bfee881befaac72db4') in 0.0007099 seconds
Number of updated asset objects reloaded before import = 0Number of asset objects unloaded after import = 0

========================================================================
Received Import Request.
  Time since last request: 0.519645 seconds.
  path: Assets/AssetStoreTools/P09_Modular_Humanoid/Model_DATA/Materials/Male_Body
  artifactKey: Guid(bf3143e6ad21849459fc62bef47966c8) Importer(815301076,1909f56bfc062723c751e8b465ee728b)
Start importing Assets/AssetStoreTools/P09_Modular_Humanoid/Model_DATA/Materials/Male_Body using Guid(bf3143e6ad21849459fc62bef47966c8) Importer(815301076,1909f56bfc062723c751e8b465ee728b) (PreviewImporter) -> (artifact id: 'fda1668722e581cfbddaabfacc1865e5') in 0.0005813 seconds
Number of updated asset objects reloaded before import = 0Number of asset objects unloaded after import = 0

========================================================================
Received Import Request.
  Time since last request: 0.407080 seconds.
  path: Assets/AssetStoreTools/P09_Modular_Humanoid/Model_DATA/Materials/Female_Body
  artifactKey: Guid(975156551911a2b4891046bd8aa29356) Importer(815301076,1909f56bfc062723c751e8b465ee728b)
Start importing Assets/AssetStoreTools/P09_Modular_Humanoid/Model_DATA/Materials/Female_Body using Guid(975156551911a2b4891046bd8aa29356) Importer(815301076,1909f56bfc062723c751e8b465ee728b) (PreviewImporter) -> (artifact id: '05b6d1252e1012a3b0c81ed2f0366972') in 0.00082 seconds
Number of updated asset objects reloaded before import = 0Number of asset objects unloaded after import = 0

========================================================================
Received Import Request.
  Time since last request: 31.937113 seconds.
  path: Assets/AssetStoreTools/P09_Modular_Humanoid/Shader_installer/jp.lilxyzw.liltoon-1.x.x-installer.unitypackage
  artifactKey: Guid(b0adc5a7d9997b84088ac4f831a08a61) Importer(815301076,1909f56bfc062723c751e8b465ee728b)
Start importing Assets/AssetStoreTools/P09_Modular_Humanoid/Shader_installer/jp.lilxyzw.liltoon-1.x.x-installer.unitypackage using Guid(b0adc5a7d9997b84088ac4f831a08a61) Importer(815301076,1909f56bfc062723c751e8b465ee728b) (PreviewImporter) -> (artifact id: 'c60ba13e4e811642a3b6e6041d4326d2') in 0.0010959 seconds
Number of updated asset objects reloaded before import = 0Number of asset objects unloaded after import = 1

========================================================================
Received Import Request.
  Time since last request: 30.164296 seconds.
  path: Assets/AssetStoreTools/P09_Modular_Humanoid/ReadMe_Jpn.txt
  artifactKey: Guid(017f4f0d90ab7dd4ebdeca6c136bf742) Importer(815301076,1909f56bfc062723c751e8b465ee728b)
Start importing Assets/AssetStoreTools/P09_Modular_Humanoid/ReadMe_Jpn.txt using Guid(017f4f0d90ab7dd4ebdeca6c136bf742) Importer(815301076,1909f56bfc062723c751e8b465ee728b) (PreviewImporter) -> (artifact id: '94e7cb2e0d7d728415988d738cb0b6e8') in 0.0020226 seconds
Number of updated asset objects reloaded before import = 0Number of asset objects unloaded after import = 1

========================================================================
Received Prepare
Begin MonoManager ReloadAssembly
- Loaded All Assemblies, in  0.809 seconds
Refreshing native plugins compatible for Editor in 1.54 ms, found 3 plugins.
Native extension for WindowsStandalone target not found
Mono: successfully reloaded assembly
- Finished resetting the current domain, in  1.215 seconds
Domain Reload Profiling: 2026ms
	BeginReloadAssembly (218ms)
		ExecutionOrderSort (0ms)
		DisableScriptedObjects (20ms)
		BackupInstance (0ms)
		ReleaseScriptingObjects (0ms)
		CreateAndSetChildDomain (61ms)
	RebuildCommonClasses (30ms)
	RebuildNativeTypeToScriptingClass (11ms)
	initialDomainReloadingComplete (24ms)
	LoadAllAssembliesAndSetupDomain (527ms)
		LoadAssemblies (358ms)
		RebuildTransferFunctionScriptingTraits (0ms)
		AnalyzeDomain (256ms)
			TypeCache.Refresh (11ms)
				TypeCache.ScanAssembly (2ms)
			BuildScriptInfoCaches (220ms)
			ResolveRequiredComponents (17ms)
	FinalizeReload (1216ms)
		ReleaseScriptCaches (0ms)
		RebuildScriptCaches (0ms)
		SetupLoadedEditorAssemblies (848ms)
			LogAssemblyErrors (0ms)
			InitializePlatformSupportModulesInManaged (3ms)
			SetLoadedEditorAssemblies (8ms)
			BeforeProcessingInitializeOnLoad (193ms)
			ProcessInitializeOnLoadAttributes (547ms)
			ProcessInitializeOnLoadMethodAttributes (88ms)
			AfterProcessingInitializeOnLoad (9ms)
			EditorAssembliesLoaded (0ms)
		ExecutionOrderSort2 (0ms)
		AwakeInstancesAfterBackupRestoration (24ms)
Refreshing native plugins compatible for Editor in 1.86 ms, found 3 plugins.
Preloading 0 native plugins for Editor in 0.00 ms.
Unloading 21 Unused Serialized files (Serialized files now loaded: 0)
Unloading 6697 unused Assets / (4.2 MB). Loaded Objects now: 7573.
Memory consumption went from 189.9 MB to 185.7 MB.
Total: 15.682000 ms (FindLiveObjects: 2.239200 ms CreateObjectMapping: 0.959400 ms MarkObjects: 8.582700 ms  DeleteObjects: 3.898500 ms)

Prepare: number of updated asset objects reloaded= 0
========================================================================
Received Prepare
Begin MonoManager ReloadAssembly
- Loaded All Assemblies, in 24.300 seconds
Refreshing native plugins compatible for Editor in 1.03 ms, found 3 plugins.
Native extension for WindowsStandalone target not found
Mono: successfully reloaded assembly
- Finished resetting the current domain, in  1.092 seconds
Domain Reload Profiling: 25391ms
	BeginReloadAssembly (231ms)
		ExecutionOrderSort (0ms)
		DisableScriptedObjects (6ms)
		BackupInstance (0ms)
		ReleaseScriptingObjects (0ms)
		CreateAndSetChildDomain (69ms)
	RebuildCommonClasses (61ms)
	RebuildNativeTypeToScriptingClass (24ms)
	initialDomainReloadingComplete (55ms)
	LoadAllAssembliesAndSetupDomain (23927ms)
		LoadAssemblies (23654ms)
		RebuildTransferFunctionScriptingTraits (0ms)
		AnalyzeDomain (377ms)
			TypeCache.Refresh (26ms)
				TypeCache.ScanAssembly (4ms)
			BuildScriptInfoCaches (321ms)
			ResolveRequiredComponents (21ms)
	FinalizeReload (1092ms)
		ReleaseScriptCaches (0ms)
		RebuildScriptCaches (0ms)
		SetupLoadedEditorAssemblies (693ms)
			LogAssemblyErrors (0ms)
			InitializePlatformSupportModulesInManaged (3ms)
			SetLoadedEditorAssemblies (9ms)
			BeforeProcessingInitializeOnLoad (217ms)
			ProcessInitializeOnLoadAttributes (379ms)
			ProcessInitializeOnLoadMethodAttributes (77ms)
			AfterProcessingInitializeOnLoad (7ms)
			EditorAssembliesLoaded (0ms)
		ExecutionOrderSort2 (0ms)
		AwakeInstancesAfterBackupRestoration (18ms)
Refreshing native plugins compatible for Editor in 1.59 ms, found 3 plugins.
Preloading 0 native plugins for Editor in 0.00 ms.
Unloading 78 Unused Serialized files (Serialized files now loaded: 0)
Unloading 6802 unused Assets / (34.4 MB). Loaded Objects now: 7627.
Memory consumption went from 230.3 MB to 195.9 MB.
Total: 29.625400 ms (FindLiveObjects: 0.896200 ms CreateObjectMapping: 0.979300 ms MarkObjects: 8.347100 ms  DeleteObjects: 19.400400 ms)

Prepare: number of updated asset objects reloaded= 0
========================================================================
Received Prepare
Begin MonoManager ReloadAssembly
- Loaded All Assemblies, in  1.327 seconds
Refreshing native plugins compatible for Editor in 0.90 ms, found 3 plugins.
Native extension for WindowsStandalone target not found
Mono: successfully reloaded assembly
- Finished resetting the current domain, in  0.883 seconds
Domain Reload Profiling: 2209ms
	BeginReloadAssembly (496ms)
		ExecutionOrderSort (0ms)
		DisableScriptedObjects (51ms)
		BackupInstance (0ms)
		ReleaseScriptingObjects (1ms)
		CreateAndSetChildDomain (144ms)
	RebuildCommonClasses (40ms)
	RebuildNativeTypeToScriptingClass (13ms)
	initialDomainReloadingComplete (35ms)
	LoadAllAssembliesAndSetupDomain (741ms)
		LoadAssemblies (619ms)
		RebuildTransferFunctionScriptingTraits (0ms)
		AnalyzeDomain (273ms)
			TypeCache.Refresh (20ms)
				TypeCache.ScanAssembly (2ms)
			BuildScriptInfoCaches (236ms)
			ResolveRequiredComponents (11ms)
	FinalizeReload (884ms)
		ReleaseScriptCaches (0ms)
		RebuildScriptCaches (0ms)
		SetupLoadedEditorAssemblies (630ms)
			LogAssemblyErrors (0ms)
			InitializePlatformSupportModulesInManaged (2ms)
			SetLoadedEditorAssemblies (4ms)
			BeforeProcessingInitializeOnLoad (151ms)
			ProcessInitializeOnLoadAttributes (397ms)
			ProcessInitializeOnLoadMethodAttributes (65ms)
			AfterProcessingInitializeOnLoad (10ms)
			EditorAssembliesLoaded (0ms)
		ExecutionOrderSort2 (0ms)
		AwakeInstancesAfterBackupRestoration (14ms)
Refreshing native plugins compatible for Editor in 1.30 ms, found 3 plugins.
Preloading 0 native plugins for Editor in 0.00 ms.
Unloading 78 Unused Serialized files (Serialized files now loaded: 0)
Unloading 6802 unused Assets / (34.4 MB). Loaded Objects now: 7634.
Memory consumption went from 230.5 MB to 196.1 MB.
Total: 21.710100 ms (FindLiveObjects: 0.993500 ms CreateObjectMapping: 0.879800 ms MarkObjects: 6.117100 ms  DeleteObjects: 13.716300 ms)

Prepare: number of updated asset objects reloaded= 0
========================================================================
Received Import Request.
  Time since last request: 7309.883320 seconds.
  path: Assets/AssetStoreTools/P09_Modular_Humanoid/Model_DATA
  artifactKey: Guid(dd930801d075c7648b075f10d178b7e8) Importer(815301076,1909f56bfc062723c751e8b465ee728b)
Start importing Assets/AssetStoreTools/P09_Modular_Humanoid/Model_DATA using Guid(dd930801d075c7648b075f10d178b7e8) Importer(815301076,1909f56bfc062723c751e8b465ee728b) (PreviewImporter) -> (artifact id: '56b689843a899a2e50772e32492b2c5f') in 0.1351416 seconds
Number of updated asset objects reloaded before import = 0Number of asset objects unloaded after import = 0

========================================================================
Received Import Request.
  Time since last request: 11.576629 seconds.
  path: Assets/AssetStoreTools/P09_Modular_Humanoid/Model_DATA/Materials/Male_Body/FacialHair/P09_Male_FacialHair.mat
  artifactKey: Guid(d5766ca7a6a87604a804bd61da517e6f) Importer(815301076,1909f56bfc062723c751e8b465ee728b)
Start importing Assets/AssetStoreTools/P09_Modular_Humanoid/Model_DATA/Materials/Male_Body/FacialHair/P09_Male_FacialHair.mat using Guid(d5766ca7a6a87604a804bd61da517e6f) Importer(815301076,1909f56bfc062723c751e8b465ee728b) (PreviewImporter)d3d11: failed to create staging 2D texture w=128 h=128 d3dfmt=28 [887a0005]
d3d11: failed to create 2D texture id=482 width=1 height=1 mips=1 dxgifmt=29 [D3D error was 887a0005]
UnityEngine.Debug:ExtractStackTraceNoAlloc (byte*,int,string)
UnityEngine.StackTraceUtility:ExtractStackTrace ()
UnityEngine.Texture2D:Internal_CreateImpl (UnityEngine.Texture2D,int,int,int,UnityEngine.Experimental.Rendering.GraphicsFormat,UnityEngine.TextureColorSpace,UnityEngine.Experimental.Rendering.TextureCreationFlags,intptr,bool,string)
UnityEngine.Texture2D:Internal_Create (UnityEngine.Texture2D,int,int,int,UnityEngine.Experimental.Rendering.GraphicsFormat,UnityEngine.TextureColorSpace,UnityEngine.Experimental.Rendering.TextureCreationFlags,intptr,bool,string)
UnityEngine.Texture2D:.ctor (int,int,UnityEngine.TextureFormat,int,bool,intptr,bool,UnityEngine.MipmapLimitDescriptor)
UnityEngine.Texture2D:.ctor (int,int,UnityEngine.TextureFormat,bool)
UnityEditor.PreviewRenderUtility:BeginStaticPreview (UnityEngine.Rect)
UnityEditor.MaterialEditor:RenderStaticPreview (string,UnityEngine.Object[],int,int)
UnityEditor.AssetPreviewUpdater:CreatePreview (UnityEngine.Object,UnityEngine.Object[],string,int,int)
UnityEditor.AssetPreviewUpdater:CreatePreviewForAsset (UnityEngine.Object,UnityEngine.Object[],string)

[C:\build\output\unity\unity\PlatformDependent\Win\GfxDevice\d3d11\TexturesD3D11.cpp line 883]

d3d11: failed to create 2D texture shader resource view id=482 [D3D error was 80070057]
UnityEngine.Debug:ExtractStackTraceNoAlloc (byte*,int,string)
UnityEngine.StackTraceUtility:ExtractStackTrace ()
UnityEngine.Texture2D:Internal_CreateImpl (UnityEngine.Texture2D,int,int,int,UnityEngine.Experimental.Rendering.GraphicsFormat,UnityEngine.TextureColorSpace,UnityEngine.Experimental.Rendering.TextureCreationFlags,intptr,bool,string)
UnityEngine.Texture2D:Internal_Create (UnityEngine.Texture2D,int,int,int,UnityEngine.Experimental.Rendering.GraphicsFormat,UnityEngine.TextureColorSpace,UnityEngine.Experimental.Rendering.TextureCreationFlags,intptr,bool,string)
UnityEngine.Texture2D:.ctor (int,int,UnityEngine.TextureFormat,int,bool,intptr,bool,UnityEngine.MipmapLimitDescriptor)
UnityEngine.Texture2D:.ctor (int,int,UnityEngine.TextureFormat,bool)
UnityEditor.PreviewRenderUtility:BeginStaticPreview (UnityEngine.Rect)
UnityEditor.MaterialEditor:RenderStaticPreview (string,UnityEngine.Object[],int,int)
UnityEditor.AssetPreviewUpdater:CreatePreview (UnityEngine.Object,UnityEngine.Object[],string,int,int)
UnityEditor.AssetPreviewUpdater:CreatePreviewForAsset (UnityEngine.Object,UnityEngine.Object[],string)

[C:\build\output\unity\unity\PlatformDependent\Win\GfxDevice\d3d11\TexturesD3D11.cpp line 682]

d3d11: Failed to create 2D texture in GfxDeviceD3D11
UnityEngine.Debug:ExtractStackTraceNoAlloc (byte*,int,string)
UnityEngine.StackTraceUtility:ExtractStackTrace ()
UnityEngine.Texture2D:Internal_CreateImpl (UnityEngine.Texture2D,int,int,int,UnityEngine.Experimental.Rendering.GraphicsFormat,UnityEngine.TextureColorSpace,UnityEngine.Experimental.Rendering.TextureCreationFlags,intptr,bool,string)
UnityEngine.Texture2D:Internal_Create (UnityEngine.Texture2D,int,int,int,UnityEngine.Experimental.Rendering.GraphicsFormat,UnityEngine.TextureColorSpace,UnityEngine.Experimental.Rendering.TextureCreationFlags,intptr,bool,string)
UnityEngine.Texture2D:.ctor (int,int,UnityEngine.TextureFormat,int,bool,intptr,bool,UnityEngine.MipmapLimitDescriptor)
UnityEngine.Texture2D:.ctor (int,int,UnityEngine.TextureFormat,bool)
UnityEditor.PreviewRenderUtility:BeginStaticPreview (UnityEngine.Rect)
UnityEditor.MaterialEditor:RenderStaticPreview (string,UnityEngine.Object[],int,int)
UnityEditor.AssetPreviewUpdater:CreatePreview (UnityEngine.Object,UnityEngine.Object[],string,int,int)
UnityEditor.AssetPreviewUpdater:CreatePreviewForAsset (UnityEngine.Object,UnityEngine.Object[],string)

[C:\build\output\unity\unity\PlatformDependent\Win\GfxDevice\d3d11\TexturesD3D11.cpp line 1263]

d3d11: Failed to create 2D texture in GfxDeviceD3D11
UnityEngine.Debug:ExtractStackTraceNoAlloc (byte*,int,string)
UnityEngine.StackTraceUtility:ExtractStackTrace ()
UnityEngine.Texture2D:ApplyImpl (bool,bool)
UnityEngine.Texture2D:Apply (bool,bool)
UnityEngine.Texture2D:Apply ()
UnityEditor.PreviewRenderUtility:BeginStaticPreview (UnityEngine.Rect)
UnityEditor.MaterialEditor:RenderStaticPreview (string,UnityEngine.Object[],int,int)
UnityEditor.AssetPreviewUpdater:CreatePreview (UnityEngine.Object,UnityEngine.Object[],string,int,int)
UnityEditor.AssetPreviewUpdater:CreatePreviewForAsset (UnityEngine.Object,UnityEngine.Object[],string)

[C:\build\output\unity\unity\PlatformDependent\Win\GfxDevice\d3d11\TexturesD3D11.cpp line 1263]

d3d11: failed to create 2D texture id=483 width=128 height=128 mips=1 dxgifmt=29 [D3D error was 887a0005]
UnityEngine.Debug:ExtractStackTraceNoAlloc (byte*,int,string)
UnityEngine.StackTraceUtility:ExtractStackTrace ()
UnityEngine.Texture2D:Internal_CreateImpl (UnityEngine.Texture2D,int,int,int,UnityEngine.Experimental.Rendering.GraphicsFormat,UnityEngine.TextureColorSpace,UnityEngine.Experimental.Rendering.TextureCreationFlags,intptr,bool,string)
UnityEngine.Texture2D:Internal_Create (UnityEngine.Texture2D,int,int,int,UnityEngine.Experimental.Rendering.GraphicsFormat,UnityEngine.TextureColorSpace,UnityEngine.Experimental.Rendering.TextureCreationFlags,intptr,bool,string)
UnityEngine.Texture2D:.ctor (int,int,UnityEngine.TextureFormat,int,bool,intptr,bool,UnityEngine.MipmapLimitDescriptor)
UnityEngine.Texture2D:.ctor (int,int,UnityEngine.TextureFormat,bool,bool)
UnityEditor.PreviewRenderUtility:EndStaticPreview ()
UnityEditor.MaterialEditor:RenderStaticPreview (string,UnityEngine.Object[],int,int)
UnityEditor.AssetPreviewUpdater:CreatePreview (UnityEngine.Object,UnityEngine.Object[],string,int,int)
UnityEditor.AssetPreviewUpdater:CreatePreviewForAsset (UnityEngine.Object,UnityEngine.Object[],string)

[C:\build\output\unity\unity\PlatformDependent\Win\GfxDevice\d3d11\TexturesD3D11.cpp line 883]

d3d11: failed to create 2D texture shader resource view id=483 [D3D error was 80070057]
UnityEngine.Debug:ExtractStackTraceNoAlloc (byte*,int,string)
UnityEngine.StackTraceUtility:ExtractStackTrace ()
UnityEngine.Texture2D:Internal_CreateImpl (UnityEngine.Texture2D,int,int,int,UnityEngine.Experimental.Rendering.GraphicsFormat,UnityEngine.TextureColorSpace,UnityEngine.Experimental.Rendering.TextureCreationFlags,intptr,bool,string)
UnityEngine.Texture2D:Internal_Create (UnityEngine.Texture2D,int,int,int,UnityEngine.Experimental.Rendering.GraphicsFormat,UnityEngine.TextureColorSpace,UnityEngine.Experimental.Rendering.TextureCreationFlags,intptr,bool,string)
UnityEngine.Texture2D:.ctor (int,int,UnityEngine.TextureFormat,int,bool,intptr,bool,UnityEngine.MipmapLimitDescriptor)
UnityEngine.Texture2D:.ctor (int,int,UnityEngine.TextureFormat,bool,bool)
UnityEditor.PreviewRenderUtility:EndStaticPreview ()
UnityEditor.MaterialEditor:RenderStaticPreview (string,UnityEngine.Object[],int,int)
UnityEditor.AssetPreviewUpdater:CreatePreview (UnityEngine.Object,UnityEngine.Object[],string,int,int)
UnityEditor.AssetPreviewUpdater:CreatePreviewForAsset (UnityEngine.Object,UnityEngine.Object[],string)

[C:\build\output\unity\unity\PlatformDependent\Win\GfxDevice\d3d11\TexturesD3D11.cpp line 682]

d3d11: Failed to create 2D texture in GfxDeviceD3D11
UnityEngine.Debug:ExtractStackTraceNoAlloc (byte*,int,string)
UnityEngine.StackTraceUtility:ExtractStackTrace ()
UnityEngine.Texture2D:Internal_CreateImpl (UnityEngine.Texture2D,int,int,int,UnityEngine.Experimental.Rendering.GraphicsFormat,UnityEngine.TextureColorSpace,UnityEngine.Experimental.Rendering.TextureCreationFlags,intptr,bool,string)
UnityEngine.Texture2D:Internal_Create (UnityEngine.Texture2D,int,int,int,UnityEngine.Experimental.Rendering.GraphicsFormat,UnityEngine.TextureColorSpace,UnityEngine.Experimental.Rendering.TextureCreationFlags,intptr,bool,string)
UnityEngine.Texture2D:.ctor (int,int,UnityEngine.TextureFormat,int,bool,intptr,bool,UnityEngine.MipmapLimitDescriptor)
UnityEngine.Texture2D:.ctor (int,int,UnityEngine.TextureFormat,bool,bool)
UnityEditor.PreviewRenderUtility:EndStaticPreview ()
UnityEditor.MaterialEditor:RenderStaticPreview (string,UnityEngine.Object[],int,int)
UnityEditor.AssetPreviewUpdater:CreatePreview (UnityEngine.Object,UnityEngine.Object[],string,int,int)
UnityEditor.AssetPreviewUpdater:CreatePreviewForAsset (UnityEngine.Object,UnityEngine.Object[],string)

[C:\build\output\unity\unity\PlatformDependent\Win\GfxDevice\d3d11\TexturesD3D11.cpp line 1263]

d3d11: Failed to create 2D texture in GfxDeviceD3D11
UnityEngine.Debug:ExtractStackTraceNoAlloc (byte*,int,string)
UnityEngine.StackTraceUtility:ExtractStackTrace ()
UnityEngine.Texture2D:ApplyImpl (bool,bool)
UnityEngine.Texture2D:Apply (bool,bool)
UnityEngine.Texture2D:Apply ()
UnityEditor.PreviewRenderUtility:EndStaticPreview ()
UnityEditor.MaterialEditor:RenderStaticPreview (string,UnityEngine.Object[],int,int)
UnityEditor.AssetPreviewUpdater:CreatePreview (UnityEngine.Object,UnityEngine.Object[],string,int,int)
UnityEditor.AssetPreviewUpdater:CreatePreviewForAsset (UnityEngine.Object,UnityEngine.Object[],string)

[C:\build\output\unity\unity\PlatformDependent\Win\GfxDevice\d3d11\TexturesD3D11.cpp line 1263]

 -> (artifact id: '6548ec61b230899f174e618cb4fc1c28') in 31.4631515 seconds
Number of updated asset objects reloaded before import = 0Number of asset objects unloaded after import = 4

========================================================================
Received Import Request.
  Time since last request: 471.446626 seconds.
  path: Assets/Scripts/Dungeon/Control/DungeonController.cs
  artifactKey: Guid(c2458a8e371311c4db5e597f2563eeec) Importer(815301076,1909f56bfc062723c751e8b465ee728b)
Start importing Assets/Scripts/Dungeon/Control/DungeonController.cs using Guid(c2458a8e371311c4db5e597f2563eeec) Importer(815301076,1909f56bfc062723c751e8b465ee728b) (PreviewImporter) -> (artifact id: '75f9d251844a94f4846cbf0f5164c7d4') in 0.0026279 seconds
Number of updated asset objects reloaded before import = 0Number of asset objects unloaded after import = 0

========================================================================
Received Import Request.
  Time since last request: 3017.436006 seconds.
  path: Assets/AssetStoreTools/P09_Modular_Humanoid/ReadMe_Eng.txt
  artifactKey: Guid(e03354ac6a836a544a4abb9b952f3db8) Importer(815301076,1909f56bfc062723c751e8b465ee728b)
Start importing Assets/AssetStoreTools/P09_Modular_Humanoid/ReadMe_Eng.txt using Guid(e03354ac6a836a544a4abb9b952f3db8) Importer(815301076,1909f56bfc062723c751e8b465ee728b) (PreviewImporter) -> (artifact id: 'bd389fe5bd624eef2344500aef32cc05') in 0.0148989 seconds
Number of updated asset objects reloaded before import = 0Number of asset objects unloaded after import = 1

========================================================================
Received Import Request.
  Time since last request: 24.961528 seconds.
  path: Assets/AssetStoreTools/P09_Modular_Humanoid/Setup_MagicaCloth2.unitypackage
  artifactKey: Guid(84519018666b2314085b4b581892c653) Importer(815301076,1909f56bfc062723c751e8b465ee728b)
Start importing Assets/AssetStoreTools/P09_Modular_Humanoid/Setup_MagicaCloth2.unitypackage using Guid(84519018666b2314085b4b581892c653) Importer(815301076,1909f56bfc062723c751e8b465ee728b) (PreviewImporter) -> (artifact id: 'd60980185ad6b36cb6d53ae54d21defc') in 0.0090399 seconds
Number of updated asset objects reloaded before import = 0Number of asset objects unloaded after import = 1

========================================================================
Received Import Request.
  Time since last request: 618.380841 seconds.
  path: Assets/AssetStoreTools/P09_Modular_Humanoid/Model_DATA/FBX
  artifactKey: Guid(e58e1693f91e17c48b63b5bdf802afce) Importer(815301076,1909f56bfc062723c751e8b465ee728b)
Start importing Assets/AssetStoreTools/P09_Modular_Humanoid/Model_DATA/FBX using Guid(e58e1693f91e17c48b63b5bdf802afce) Importer(815301076,1909f56bfc062723c751e8b465ee728b) (PreviewImporter) -> (artifact id: '6a29bd03b12ab97eb55ec5cd0508ed85') in 0.0020202 seconds
Number of updated asset objects reloaded before import = 0Number of asset objects unloaded after import = 0

========================================================================
Received Import Request.
  Time since last request: 0.526770 seconds.
  path: Assets/AssetStoreTools/P09_Modular_Humanoid/Model_DATA/MagicaCloth_Data
  artifactKey: Guid(5ebd9b27823617442b30893466f7b486) Importer(815301076,1909f56bfc062723c751e8b465ee728b)
Start importing Assets/AssetStoreTools/P09_Modular_Humanoid/Model_DATA/MagicaCloth_Data using Guid(5ebd9b27823617442b30893466f7b486) Importer(815301076,1909f56bfc062723c751e8b465ee728b) (PreviewImporter) -> (artifact id: 'e2152474514f7d99261eb8cdc3f48657') in 0.0010116 seconds
Number of updated asset objects reloaded before import = 0Number of asset objects unloaded after import = 0

========================================================================
Received Import Request.
  Time since last request: 1.001214 seconds.
  path: Assets/AssetStoreTools/P09_Modular_Humanoid/Model_DATA/Materials
  artifactKey: Guid(1f36b55b5685cab41b0be0c7b863437e) Importer(815301076,1909f56bfc062723c751e8b465ee728b)
Start importing Assets/AssetStoreTools/P09_Modular_Humanoid/Model_DATA/Materials using Guid(1f36b55b5685cab41b0be0c7b863437e) Importer(815301076,1909f56bfc062723c751e8b465ee728b) (PreviewImporter) -> (artifact id: 'a02e3c10d4fb0277abc74cb9f0d927a9') in 0.0016736 seconds
Number of updated asset objects reloaded before import = 0Number of asset objects unloaded after import = 0

========================================================================
Received Import Request.
  Time since last request: 1.205670 seconds.
  path: Assets/AssetStoreTools/P09_Modular_Humanoid/Model_DATA/Scenes
  artifactKey: Guid(3180de983c2131b479fd9f98ab648e6c) Importer(815301076,1909f56bfc062723c751e8b465ee728b)
Start importing Assets/AssetStoreTools/P09_Modular_Humanoid/Model_DATA/Scenes using Guid(3180de983c2131b479fd9f98ab648e6c) Importer(815301076,1909f56bfc062723c751e8b465ee728b) (PreviewImporter) -> (artifact id: '55917db53618b9cf87471d89e1b2330e') in 0.0007906 seconds
Number of updated asset objects reloaded before import = 0Number of asset objects unloaded after import = 0

========================================================================
Received Import Request.
  Time since last request: 0.580809 seconds.
  path: Assets/AssetStoreTools/P09_Modular_Humanoid/Model_DATA/Textures
  artifactKey: Guid(100e671da43f03343bb1dd822e1fab8a) Importer(815301076,1909f56bfc062723c751e8b465ee728b)
Start importing Assets/AssetStoreTools/P09_Modular_Humanoid/Model_DATA/Textures using Guid(100e671da43f03343bb1dd822e1fab8a) Importer(815301076,1909f56bfc062723c751e8b465ee728b) (PreviewImporter) -> (artifact id: '25e2d16096165860bb9c08bc117c8911') in 0.0013294 seconds
Number of updated asset objects reloaded before import = 0Number of asset objects unloaded after import = 0

